<?xml version="1.0" encoding="UTF-8"?>
<!-- Generated by org.testng.reporters.JUnitReportReporter -->
<testsuite hostname="MSI" failures="0" tests="5" name="Btes_HRMTest.LoginTest" time="4.101" errors="0" timestamp="2021-04-18T18:34:25 IST" skipped="0">
  <testcase classname="Btes_HRMTest.LoginTest" name="Avail_Funct_Button" time="0.099"/>
  <system-out/>
  <testcase classname="Btes_HRMTest.LoginTest" name="Invlogin_user1" time="1.322"/>
  <system-out/>
  <testcase classname="Btes_HRMTest.LoginTest" name="Check_title" time="0.006"/>
  <system-out/>
  <testcase classname="Btes_HRMTest.LoginTest" name="Invlogin_user" time="1.316"/>
  <system-out/>
  <testcase classname="Btes_HRMTest.LoginTest" name="login_user" time="1.358"/>
  <system-out/>
</testsuite> <!-- Btes_HRMTest.LoginTest -->
